<?xml version="1.0" encoding="UTF-8"?>
<!-- Generated by org.testng.reporters.JUnitXMLReporter -->
<testsuite hostname="DESKTOP-4B53UME" ignored="14" name="Command line test" tests="8" failures="0" timestamp="2022-06-21T11:07:24 IST" time="535.402" errors="0">
  <testcase name="contactWithOrgTest1" time="27.446" classname="com.crm.contactOrg.ContactWithOrgTest"/>
  <testcase name="createContactTest1" time="43.418" classname="com.crm.contactOrg.CreateContactsTest"/>
  <testcase name="createContactTest" time="44.56" classname="com.crm.contacts.CreateContactTest"/>
  <testcase name="createContactWithAdminSelectTest" time="44.354" classname="com.crm.contacts.CreateContactWithAdminSelectTest"/>
  <testcase name="createContactWithGroupSelectTest" time="40.705" classname="com.crm.contacts.CreateContactWithGroupSelectTest"/>
  <testcase name="createContactWithTeamGroupSelectTest" time="42.133" classname="com.crm.contacts.CreateContactWithTeamGroupSelectTest"/>
  <testcase name="createOrgTest" time="38.336" classname="com.crm.organization.CreateOrganizationTest"/>
  <testcase name="organizationWithIndustry" time="42.287" classname="com.crm.organization.OrganisationWithIndustryTest"/>
  <testcase name="@BeforeSuite dbConnect" time="0.0" classname="com.crm.comcast.genericUtilities.BaseClass">
    <ignored/>
  </testcase> <!-- @BeforeSuite dbConnect -->
  <testcase name="@BeforeSuite dbConnect" time="0.0" classname="com.crm.comcast.genericUtilities.BaseClass">
    <ignored/>
  </testcase> <!-- @BeforeSuite dbConnect -->
  <testcase name="@BeforeSuite dbConnect" time="0.0" classname="com.crm.comcast.genericUtilities.BaseClass">
    <ignored/>
  </testcase> <!-- @BeforeSuite dbConnect -->
  <testcase name="@BeforeSuite dbConnect" time="0.0" classname="com.crm.comcast.genericUtilities.BaseClass">
    <ignored/>
  </testcase> <!-- @BeforeSuite dbConnect -->
  <testcase name="@BeforeSuite dbConnect" time="0.0" classname="com.crm.comcast.genericUtilities.BaseClass">
    <ignored/>
  </testcase> <!-- @BeforeSuite dbConnect -->
  <testcase name="@BeforeSuite dbConnect" time="0.0" classname="com.crm.comcast.genericUtilities.BaseClass">
    <ignored/>
  </testcase> <!-- @BeforeSuite dbConnect -->
  <testcase name="@BeforeSuite dbConnect" time="0.0" classname="com.crm.comcast.genericUtilities.BaseClass">
    <ignored/>
  </testcase> <!-- @BeforeSuite dbConnect -->
  <testcase name="@AfterSuite closeDBConfig" time="0.0" classname="com.crm.comcast.genericUtilities.BaseClass">
    <ignored/>
  </testcase> <!-- @AfterSuite closeDBConfig -->
  <testcase name="@AfterSuite closeDBConfig" time="0.0" classname="com.crm.comcast.genericUtilities.BaseClass">
    <ignored/>
  </testcase> <!-- @AfterSuite closeDBConfig -->
  <testcase name="@AfterSuite closeDBConfig" time="0.0" classname="com.crm.comcast.genericUtilities.BaseClass">
    <ignored/>
  </testcase> <!-- @AfterSuite closeDBConfig -->
  <testcase name="@AfterSuite closeDBConfig" time="0.0" classname="com.crm.comcast.genericUtilities.BaseClass">
    <ignored/>
  </testcase> <!-- @AfterSuite closeDBConfig -->
  <testcase name="@AfterSuite closeDBConfig" time="0.0" classname="com.crm.comcast.genericUtilities.BaseClass">
    <ignored/>
  </testcase> <!-- @AfterSuite closeDBConfig -->
  <testcase name="@AfterSuite closeDBConfig" time="0.0" classname="com.crm.comcast.genericUtilities.BaseClass">
    <ignored/>
  </testcase> <!-- @AfterSuite closeDBConfig -->
  <testcase name="@AfterSuite closeDBConfig" time="0.0" classname="com.crm.comcast.genericUtilities.BaseClass">
    <ignored/>
  </testcase> <!-- @AfterSuite closeDBConfig -->
</testsuite> <!-- Command line test -->
