<?xml version="1.0" encoding="UTF-8"?>
<testng-results skipped="0" failed="0" ignored="0" total="1" passed="1">
  <reporter-output>
  </reporter-output>
  <suite name="com.crm.contactOrg.CreateContactsTest" duration-ms="78869" started-at="2022-06-21T12:26:33 IST" finished-at="2022-06-21T12:27:52 IST">
    <groups>
    </groups>
    <test name="Command line test" duration-ms="78869" started-at="2022-06-21T12:26:33 IST" finished-at="2022-06-21T12:27:52 IST">
      <class name="com.crm.contactOrg.CreateContactsTest">
        <test-method status="PASS" signature="dbConnect()[pri:0, instance:com.crm.contactOrg.CreateContactsTest@6ebc05a6]" name="dbConnect" is-config="true" duration-ms="38" started-at="2022-06-21T12:26:33 IST" finished-at="2022-06-21T12:26:33 IST">
          <reporter-output>
          </reporter-output>
        </test-method> <!-- dbConnect -->
        <test-method status="PASS" signature="launchBrowser()[pri:0, instance:com.crm.contactOrg.CreateContactsTest@6ebc05a6]" name="launchBrowser" is-config="true" duration-ms="21223" started-at="2022-06-21T12:26:33 IST" finished-at="2022-06-21T12:26:55 IST">
          <reporter-output>
          </reporter-output>
        </test-method> <!-- launchBrowser -->
        <test-method status="PASS" signature="loginToAppln()[pri:0, instance:com.crm.contactOrg.CreateContactsTest@6ebc05a6]" name="loginToAppln" is-config="true" duration-ms="5907" started-at="2022-06-21T12:26:55 IST" finished-at="2022-06-21T12:27:01 IST">
          <reporter-output>
          </reporter-output>
        </test-method> <!-- loginToAppln -->
        <test-method status="PASS" signature="createContactTest1()[pri:0, instance:com.crm.contactOrg.CreateContactsTest@6ebc05a6]" name="createContactTest1" duration-ms="42086" started-at="2022-06-21T12:27:01 IST" finished-at="2022-06-21T12:27:43 IST">
          <reporter-output>
          </reporter-output>
        </test-method> <!-- createContactTest1 -->
        <test-method status="PASS" signature="logOutFromApplication()[pri:0, instance:com.crm.contactOrg.CreateContactsTest@6ebc05a6]" name="logOutFromApplication" is-config="true" duration-ms="5124" started-at="2022-06-21T12:27:43 IST" finished-at="2022-06-21T12:27:48 IST">
          <reporter-output>
          </reporter-output>
        </test-method> <!-- logOutFromApplication -->
        <test-method status="PASS" signature="closeTheBrowser()[pri:0, instance:com.crm.contactOrg.CreateContactsTest@6ebc05a6]" name="closeTheBrowser" is-config="true" duration-ms="3776" started-at="2022-06-21T12:27:48 IST" finished-at="2022-06-21T12:27:52 IST">
          <reporter-output>
          </reporter-output>
        </test-method> <!-- closeTheBrowser -->
        <test-method status="PASS" signature="closeDBConfig()[pri:0, instance:com.crm.contactOrg.CreateContactsTest@6ebc05a6]" name="closeDBConfig" is-config="true" duration-ms="1" started-at="2022-06-21T12:27:52 IST" finished-at="2022-06-21T12:27:52 IST">
          <reporter-output>
          </reporter-output>
        </test-method> <!-- closeDBConfig -->
      </class> <!-- com.crm.contactOrg.CreateContactsTest -->
    </test> <!-- Command line test -->
  </suite> <!-- com.crm.contactOrg.CreateContactsTest -->
</testng-results>
