<?xml version="1.0" encoding="UTF-8"?>
<testsuite xmlns:xsi="http://www.w3.org/2001/XMLSchema-instance" xsi:noNamespaceSchemaLocation="https://maven.apache.org/surefire/maven-surefire-plugin/xsd/surefire-test-report-3.0.xsd" version="3.0" name="TestSuite" time="137.621" tests="5" errors="0" skipped="1" failures="0">
  <properties>
[...]
</properties>
  <testcase name="createOrgTest" classname="com.crm.organization.CreateOrganizationTest" time="0">
    <skipped message="no such element: Unable to locate element: {&quot;method&quot;:&quot;xpath&quot;,&quot;selector&quot;:&quot;//span[@class=&apos;dvHeaderText&apos;]&quot;}&#10;  (Session info: chrome=102.0.5005.115)&#10;For documentation on this error, please visit: https://www.seleniumhq.org/exceptions/no_such_element.html&#10;Build info: version: &apos;3.141.59&apos;, revision: &apos;e82be7d358&apos;, time: &apos;2018-11-14T08:17:03&apos;&#10;System info: host: &apos;DESKTOP-4B53UME&apos;, ip: &apos;192.168.72.1&apos;, os.name: &apos;Windows 10&apos;, os.arch: &apos;amd64&apos;, os.version: &apos;10.0&apos;, java.version: &apos;1.8.0_291&apos;&#10;Driver info: org.openqa.selenium.chrome.ChromeDriver&#10;Capabilities {acceptInsecureCerts: false, browserName: chrome, browserVersion: 102.0.5005.115, chrome: {chromedriverVersion: 102.0.5005.61 (0e59bcc00cc4..., userDataDir: C:\Users\Roopa\AppData\Loca...}, goog:chromeOptions: {debuggerAddress: localhost:62018}, javascriptEnabled: true, networkConnectionEnabled: false, pageLoadStrategy: normal, platform: WINDOWS, platformName: WINDOWS, proxy: Proxy(), setWindowRect: true, strictFileInteractability: false, timeouts: {implicit: 0, pageLoad: 300000, script: 30000}, unhandledPromptBehavior: dismiss and notify, webauthn:extension:credBlob: true, webauthn:extension:largeBlob: true, webauthn:virtualAuthenticators: true}&#10;Session ID: e4d02209a6d5febd04c2959944252b2a&#10;*** Element info: {Using=xpath, value=//span[@class=&apos;dvHeaderText&apos;]}"/>
    <system-out><![CDATA[DataBase connection success
]]></system-out>
    <system-err><![CDATA[SLF4J: Failed to load class "org.slf4j.impl.StaticLoggerBinder".
SLF4J: Defaulting to no-operation (NOP) logger implementation
SLF4J: See http://www.slf4j.org/codes.html#StaticLoggerBinder for further details.
Starting ChromeDriver 102.0.5005.61 (0e59bcc00cc4985ce39ad31c150065f159d95ad3-refs/branch-heads/5005@{#819}) on port 31811
Only local connections are allowed.
Please see https://chromedriver.chromium.org/security-considerations for suggestions on keeping ChromeDriver safe.
Starting ChromeDriver 102.0.5005.61 (0e59bcc00cc4985ce39ad3S1tc1a5r0ti0n6g5 fC1h5r9odm95eaDdr3i-vreerf s1/b0r2a.n0c.h5-00h5e.a6d1s /(500e0559@b{c#c80109cc}49)8 5ocne 3p9oardt3 11c5115900
6O5nfl1y5 9ldo9c5aald 3c-ornenfes/ctbrioannsc ha-rheea dals/lo5w0e05d.@{
#P8l1e9a}s)e o sne ep ohrttt p2s0:8/3/0c
hrOnomley drliovcaerl. cchonronmeicutmio.onrs g/asreec uarlitloy-wceodns.id
ePrlaetaisoen s sfeoer  shutgtgpess:t/i/ocnhsr oomne dkreievpeir.ncgh rCohmrioumme.Dorrigve/rs escaufreit.y-
considerations for suggestions on keeping ChromeDriver safe.
Starting ChromeDriver 102.0.5005.61 (0e59bcc00cc4985ce39ad31c150065f159d95ad3-refs/branch-heads/5005@{#819}) on port 13578
Only local connections are allowed.
Please see https://chromedriver.chromium.org/security-considerations for suggestions on keeping ChromeDriver safe.
ChromeDriver was started successfully.
ChromeDriver was started successfully.
ChromeDriver was started successfully.
ChromeDriver was started successfully.
Jun 21, 2022 11:47:58 AM org.openqa.selenium.remote.ProtocolHandshake createSession
INFO: Detected dialect: W3C
Jun 21, 2022 11:47:58 AM org.openqa.selenium.remote.ProtocolHandshake createSession
INFO: Detected dialect: W3C
Jun 21, 2022 11:47:58 AM org.openqa.selenium.remote.ProtocolHandshake createSession
INFO: Detected dialect: W3C
Jun 21, 2022 11:47:59 AM org.openqa.selenium.remote.ProtocolHandshake createSession
INFO: Detected dialect: W3C
]]></system-err>
  </testcase>
  <testcase name="createOrgTest" classname="com.crm.organization.CreateOrganizationTest" time="38.611">
    <system-out><![CDATA[Organization Created
createOrgTestExecuting..
]]></system-out>
  </testcase>
  <testcase name="contactWithOrgTest1" classname="com.crm.contactOrg.ContactWithOrgTest" time="43.095">
    <system-out><![CDATA[Contact Created Successfully
contactWithOrgTest1Executing..
Contact Created Successfully
createContactTest1Executing..
]]></system-out>
  </testcase>
  <testcase name="createContactTest1" classname="com.crm.contactOrg.CreateContactsTest" time="47.391">
    <system-out><![CDATA[Organization Created With Industry
organizationWithIndustryExecuting..
]]></system-out>
  </testcase>
  <testcase name="organizationWithIndustry" classname="com.crm.organization.OrganisationWithIndustryTest" time="47.842"/>
</testsuite>