<?xml version="1.0" encoding="UTF-8"?>
<!-- Generated by org.testng.reporters.JUnitXMLReporter -->
<testsuite ignored="2" hostname="DESKTOP-4B53UME" failures="0" tests="0" name="TestRunner1" time="59.476" errors="0" timestamp="2022-06-16T15:58:06 IST">
  <testcase classname="com.crm.comcast.genericUtilities.BaseClass" name="@AfterSuite closeDBConfig" time="0.0">
    <ignored/>
  </testcase> <!-- @AfterSuite closeDBConfig -->
  <testcase classname="com.crm.comcast.genericUtilities.BaseClass" name="@BeforeSuite dbConnect" time="0.0">
    <ignored/>
  </testcase> <!-- @BeforeSuite dbConnect -->
</testsuite> <!-- TestRunner1 -->
