<?xml version="1.0" encoding="UTF-8"?>
<!-- Generated by org.testng.reporters.JUnitXMLReporter -->
<testsuite hostname="DESKTOP-4B53UME" ignored="6" name="Test" tests="5" failures="0" timestamp="2022-06-21T11:50:00 IST" time="134.354" errors="0">
  <testcase name="createOrgTest" time="41.33" classname="com.crm.organization.CreateOrganizationTest">
    <skipped/>
  </testcase> <!-- createOrgTest -->
  <testcase name="contactWithOrgTest1" time="44.64" classname="com.crm.contactOrg.ContactWithOrgTest"/>
  <testcase name="createContactTest1" time="43.388" classname="com.crm.contactOrg.CreateContactsTest"/>
  <testcase name="organizationWithIndustry" time="44.938" classname="com.crm.organization.OrganisationWithIndustryTest"/>
  <testcase name="createOrgTest" time="38.134" classname="com.crm.organization.CreateOrganizationTest"/>
  <testcase name="@AfterSuite closeDBConfig" time="0.0" classname="com.crm.comcast.genericUtilities.BaseClass">
    <ignored/>
  </testcase> <!-- @AfterSuite closeDBConfig -->
  <testcase name="@AfterSuite closeDBConfig" time="0.0" classname="com.crm.comcast.genericUtilities.BaseClass">
    <ignored/>
  </testcase> <!-- @AfterSuite closeDBConfig -->
  <testcase name="@AfterSuite closeDBConfig" time="0.0" classname="com.crm.comcast.genericUtilities.BaseClass">
    <ignored/>
  </testcase> <!-- @AfterSuite closeDBConfig -->
  <testcase name="@BeforeSuite dbConnect" time="0.0" classname="com.crm.comcast.genericUtilities.BaseClass">
    <ignored/>
  </testcase> <!-- @BeforeSuite dbConnect -->
  <testcase name="@BeforeSuite dbConnect" time="0.0" classname="com.crm.comcast.genericUtilities.BaseClass">
    <ignored/>
  </testcase> <!-- @BeforeSuite dbConnect -->
  <testcase name="@BeforeSuite dbConnect" time="0.0" classname="com.crm.comcast.genericUtilities.BaseClass">
    <ignored/>
  </testcase> <!-- @BeforeSuite dbConnect -->
</testsuite> <!-- Test -->
