<?xml version="1.0" encoding="UTF-8"?>
<testng-results ignored="0" total="1" passed="1" failed="0" skipped="0">
  <reporter-output>
  </reporter-output>
  <suite started-at="2022-06-24T16:53:34 IST" name="Default suite" finished-at="2022-06-24T16:55:03 IST" duration-ms="88608">
    <groups>
    </groups>
    <test started-at="2022-06-24T16:53:34 IST" name="Default test" finished-at="2022-06-24T16:55:03 IST" duration-ms="88608">
      <class name="com.crm.contactOrg.CreateContactsTest">
        <test-method is-config="true" signature="dbConnect()[pri:0, instance:com.crm.contactOrg.CreateContactsTest@957e06]" started-at="2022-06-24T16:53:34 IST" name="dbConnect" finished-at="2022-06-24T16:53:34 IST" duration-ms="33" status="PASS">
          <reporter-output>
          </reporter-output>
        </test-method> <!-- dbConnect -->
        <test-method is-config="true" signature="launchBrowser()[pri:0, instance:com.crm.contactOrg.CreateContactsTest@957e06]" started-at="2022-06-24T16:53:36 IST" name="launchBrowser" finished-at="2022-06-24T16:53:49 IST" duration-ms="13776" status="PASS">
          <reporter-output>
          </reporter-output>
        </test-method> <!-- launchBrowser -->
        <test-method is-config="true" signature="loginToAppln()[pri:0, instance:com.crm.contactOrg.CreateContactsTest@957e06]" started-at="2022-06-24T16:53:49 IST" name="loginToAppln" finished-at="2022-06-24T16:54:03 IST" duration-ms="14052" status="PASS">
          <reporter-output>
          </reporter-output>
        </test-method> <!-- loginToAppln -->
        <test-method signature="createContactTest()[pri:0, instance:com.crm.contactOrg.CreateContactsTest@957e06]" started-at="2022-06-24T16:54:03 IST" name="createContactTest" finished-at="2022-06-24T16:54:55 IST" duration-ms="51616" status="PASS">
          <reporter-output>
          </reporter-output>
        </test-method> <!-- createContactTest -->
        <test-method is-config="true" signature="logOutFromApplication()[pri:0, instance:com.crm.contactOrg.CreateContactsTest@957e06]" started-at="2022-06-24T16:54:55 IST" name="logOutFromApplication" finished-at="2022-06-24T16:55:02 IST" duration-ms="6855" status="PASS">
          <reporter-output>
          </reporter-output>
        </test-method> <!-- logOutFromApplication -->
        <test-method is-config="true" signature="closeTheBrowser()[pri:0, instance:com.crm.contactOrg.CreateContactsTest@957e06]" started-at="2022-06-24T16:55:02 IST" name="closeTheBrowser" finished-at="2022-06-24T16:55:03 IST" duration-ms="702" status="PASS">
          <reporter-output>
          </reporter-output>
        </test-method> <!-- closeTheBrowser -->
        <test-method is-config="true" signature="closeDBConfig()[pri:0, instance:com.crm.contactOrg.CreateContactsTest@957e06]" started-at="2022-06-24T16:55:05 IST" name="closeDBConfig" finished-at="2022-06-24T16:55:05 IST" duration-ms="1" status="PASS">
          <reporter-output>
          </reporter-output>
        </test-method> <!-- closeDBConfig -->
      </class> <!-- com.crm.contactOrg.CreateContactsTest -->
    </test> <!-- Default test -->
  </suite> <!-- Default suite -->
</testng-results>
